2023-07-24T19:30:53.494189+00:00 ERROR 'ansible_navigator.actions.collections._parse' /usr/share/ansible/collections/ansible_collections/cloud/terraform/roles/git_plan/meta/main.yml Failed to find main.yml for role in cloud.terraform.
2023-07-24T19:30:53.494825+00:00 ERROR 'ansible_navigator.actions.collections._parse' /usr/share/ansible/collections/ansible_collections/cloud/terraform/roles/inventory_from_outputs/meta/main.yml Failed to find main.yml for role in cloud.terraform.
2023-07-24T19:30:53.494869+00:00 ERROR 'ansible_navigator.actions.collections._parse' /usr/share/ansible/collections/ansible_collections/redhat/insights/roles/compliance/meta/argument_specs.yml Failed to find argument_specs.yml for role in redhat.insights.
2023-07-24T19:30:53.494899+00:00 ERROR 'ansible_navigator.actions.collections._parse' /usr/share/ansible/collections/ansible_collections/redhat/insights/roles/insights_client/meta/argument_specs.yml Failed to find argument_specs.yml for role in redhat.insights.
2023-07-24T19:30:53.494926+00:00 ERROR 'ansible_navigator.actions.collections._parse' /usr/share/ansible/collections/ansible_collections/redhat/redhat_csp_download/roles/redhat_csp_download/meta/argument_specs.yml Failed to find argument_specs.yml for role in redhat.redhat_csp_download.
2023-07-24T19:30:53.494956+00:00 ERROR 'ansible_navigator.actions.collections._parse' /usr/share/ansible/collections/ansible_collections/redhat/redhat_csp_download/roles/redhat_csp_download/meta/main.yml Failed to find main.yml for role in redhat.redhat_csp_download.
2023-07-24T19:30:53.494982+00:00 ERROR 'ansible_navigator.actions.collections._parse' /usr/share/ansible/collections/ansible_collections/redhat/rhel_idm/roles/ipabackup/meta/argument_specs.yml Failed to find argument_specs.yml for role in redhat.rhel_idm.
2023-07-24T19:30:53.495008+00:00 ERROR 'ansible_navigator.actions.collections._parse' /usr/share/ansible/collections/ansible_collections/redhat/rhel_idm/roles/ipaclient/meta/argument_specs.yml Failed to find argument_specs.yml for role in redhat.rhel_idm.
2023-07-24T19:30:53.495032+00:00 ERROR 'ansible_navigator.actions.collections._parse' /usr/share/ansible/collections/ansible_collections/redhat/rhel_idm/roles/ipareplica/meta/argument_specs.yml Failed to find argument_specs.yml for role in redhat.rhel_idm.
2023-07-24T19:30:53.495057+00:00 ERROR 'ansible_navigator.actions.collections._parse' /usr/share/ansible/collections/ansible_collections/redhat/rhel_idm/roles/ipaserver/meta/argument_specs.yml Failed to find argument_specs.yml for role in redhat.rhel_idm.
2023-07-24T19:30:53.495081+00:00 ERROR 'ansible_navigator.actions.collections._parse' /usr/share/ansible/collections/ansible_collections/redhat/rhel_idm/roles/ipasmartcard_client/meta/argument_specs.yml Failed to find argument_specs.yml for role in redhat.rhel_idm.
2023-07-24T19:30:53.495105+00:00 ERROR 'ansible_navigator.actions.collections._parse' /usr/share/ansible/collections/ansible_collections/redhat/rhel_idm/roles/ipasmartcard_server/meta/argument_specs.yml Failed to find argument_specs.yml for role in redhat.rhel_idm.
2023-07-24T19:30:53.495128+00:00 ERROR 'ansible_navigator.actions.collections._parse' /usr/share/ansible/collections/ansible_collections/redhat/rhel_system_roles/roles/ad_integration/meta/argument_specs.yml Failed to find argument_specs.yml for role in redhat.rhel_system_roles.
2023-07-24T19:30:53.495152+00:00 ERROR 'ansible_navigator.actions.collections._parse' /usr/share/ansible/collections/ansible_collections/redhat/rhel_system_roles/roles/certificate/meta/argument_specs.yml Failed to find argument_specs.yml for role in redhat.rhel_system_roles.
2023-07-24T19:30:53.495176+00:00 ERROR 'ansible_navigator.actions.collections._parse' /usr/share/ansible/collections/ansible_collections/redhat/rhel_system_roles/roles/cockpit/meta/argument_specs.yml Failed to find argument_specs.yml for role in redhat.rhel_system_roles.
2023-07-24T19:30:53.495200+00:00 ERROR 'ansible_navigator.actions.collections._parse' /usr/share/ansible/collections/ansible_collections/redhat/rhel_system_roles/roles/crypto_policies/meta/argument_specs.yml Failed to find argument_specs.yml for role in redhat.rhel_system_roles.
2023-07-24T19:30:53.495230+00:00 ERROR 'ansible_navigator.actions.collections._parse' /usr/share/ansible/collections/ansible_collections/redhat/rhel_system_roles/roles/firewall/meta/argument_specs.yml Failed to find argument_specs.yml for role in redhat.rhel_system_roles.
2023-07-24T19:30:53.495256+00:00 ERROR 'ansible_navigator.actions.collections._parse' /usr/share/ansible/collections/ansible_collections/redhat/rhel_system_roles/roles/ha_cluster/meta/argument_specs.yml Failed to find argument_specs.yml for role in redhat.rhel_system_roles.
2023-07-24T19:30:53.495280+00:00 ERROR 'ansible_navigator.actions.collections._parse' /usr/share/ansible/collections/ansible_collections/redhat/rhel_system_roles/roles/journald/meta/argument_specs.yml Failed to find argument_specs.yml for role in redhat.rhel_system_roles.
2023-07-24T19:30:53.495332+00:00 ERROR 'ansible_navigator.actions.collections._parse' /usr/share/ansible/collections/ansible_collections/redhat/rhel_system_roles/roles/kdump/meta/argument_specs.yml Failed to find argument_specs.yml for role in redhat.rhel_system_roles.
2023-07-24T19:30:53.495358+00:00 ERROR 'ansible_navigator.actions.collections._parse' /usr/share/ansible/collections/ansible_collections/redhat/rhel_system_roles/roles/kernel_settings/meta/argument_specs.yml Failed to find argument_specs.yml for role in redhat.rhel_system_roles.
2023-07-24T19:30:53.495382+00:00 ERROR 'ansible_navigator.actions.collections._parse' /usr/share/ansible/collections/ansible_collections/redhat/rhel_system_roles/roles/logging/meta/argument_specs.yml Failed to find argument_specs.yml for role in redhat.rhel_system_roles.
2023-07-24T19:30:53.495405+00:00 ERROR 'ansible_navigator.actions.collections._parse' /usr/share/ansible/collections/ansible_collections/redhat/rhel_system_roles/roles/metrics/meta/argument_specs.yml Failed to find argument_specs.yml for role in redhat.rhel_system_roles.
2023-07-24T19:30:53.495430+00:00 ERROR 'ansible_navigator.actions.collections._parse' /usr/share/ansible/collections/ansible_collections/redhat/rhel_system_roles/roles/nbde_client/meta/argument_specs.yml Failed to find argument_specs.yml for role in redhat.rhel_system_roles.
2023-07-24T19:30:53.495453+00:00 ERROR 'ansible_navigator.actions.collections._parse' /usr/share/ansible/collections/ansible_collections/redhat/rhel_system_roles/roles/nbde_server/meta/argument_specs.yml Failed to find argument_specs.yml for role in redhat.rhel_system_roles.
2023-07-24T19:30:53.495478+00:00 ERROR 'ansible_navigator.actions.collections._parse' /usr/share/ansible/collections/ansible_collections/redhat/rhel_system_roles/roles/network/meta/argument_specs.yml Failed to find argument_specs.yml for role in redhat.rhel_system_roles.
2023-07-24T19:30:53.495502+00:00 ERROR 'ansible_navigator.actions.collections._parse' /usr/share/ansible/collections/ansible_collections/redhat/rhel_system_roles/roles/podman/meta/argument_specs.yml Failed to find argument_specs.yml for role in redhat.rhel_system_roles.
2023-07-24T19:30:53.495525+00:00 ERROR 'ansible_navigator.actions.collections._parse' /usr/share/ansible/collections/ansible_collections/redhat/rhel_system_roles/roles/postfix/meta/argument_specs.yml Failed to find argument_specs.yml for role in redhat.rhel_system_roles.
2023-07-24T19:30:53.495549+00:00 ERROR 'ansible_navigator.actions.collections._parse' /usr/share/ansible/collections/ansible_collections/redhat/rhel_system_roles/roles/private_logging_subrole_rsyslog/meta/argument_specs.yml Failed to find argument_specs.yml for role in redhat.rhel_system_roles.
2023-07-24T19:30:53.495574+00:00 ERROR 'ansible_navigator.actions.collections._parse' /usr/share/ansible/collections/ansible_collections/redhat/rhel_system_roles/roles/private_metrics_subrole_bpftrace/meta/argument_specs.yml Failed to find argument_specs.yml for role in redhat.rhel_system_roles.
2023-07-24T19:30:53.495598+00:00 ERROR 'ansible_navigator.actions.collections._parse' /usr/share/ansible/collections/ansible_collections/redhat/rhel_system_roles/roles/private_metrics_subrole_elasticsearch/meta/argument_specs.yml Failed to find argument_specs.yml for role in redhat.rhel_system_roles.
2023-07-24T19:30:53.495629+00:00 ERROR 'ansible_navigator.actions.collections._parse' /usr/share/ansible/collections/ansible_collections/redhat/rhel_system_roles/roles/private_metrics_subrole_grafana/meta/argument_specs.yml Failed to find argument_specs.yml for role in redhat.rhel_system_roles.
2023-07-24T19:30:53.495655+00:00 ERROR 'ansible_navigator.actions.collections._parse' /usr/share/ansible/collections/ansible_collections/redhat/rhel_system_roles/roles/private_metrics_subrole_mssql/meta/argument_specs.yml Failed to find argument_specs.yml for role in redhat.rhel_system_roles.
2023-07-24T19:30:53.495679+00:00 ERROR 'ansible_navigator.actions.collections._parse' /usr/share/ansible/collections/ansible_collections/redhat/rhel_system_roles/roles/private_metrics_subrole_pcp/meta/argument_specs.yml Failed to find argument_specs.yml for role in redhat.rhel_system_roles.
2023-07-24T19:30:53.495703+00:00 ERROR 'ansible_navigator.actions.collections._parse' /usr/share/ansible/collections/ansible_collections/redhat/rhel_system_roles/roles/private_metrics_subrole_postfix/meta/argument_specs.yml Failed to find argument_specs.yml for role in redhat.rhel_system_roles.
2023-07-24T19:30:53.495727+00:00 ERROR 'ansible_navigator.actions.collections._parse' /usr/share/ansible/collections/ansible_collections/redhat/rhel_system_roles/roles/private_metrics_subrole_redis/meta/argument_specs.yml Failed to find argument_specs.yml for role in redhat.rhel_system_roles.
2023-07-24T19:30:53.495751+00:00 ERROR 'ansible_navigator.actions.collections._parse' /usr/share/ansible/collections/ansible_collections/redhat/rhel_system_roles/roles/private_metrics_subrole_repository/meta/argument_specs.yml Failed to find argument_specs.yml for role in redhat.rhel_system_roles.
2023-07-24T19:30:53.495775+00:00 ERROR 'ansible_navigator.actions.collections._parse' /usr/share/ansible/collections/ansible_collections/redhat/rhel_system_roles/roles/private_metrics_subrole_spark/meta/argument_specs.yml Failed to find argument_specs.yml for role in redhat.rhel_system_roles.
2023-07-24T19:30:53.495799+00:00 ERROR 'ansible_navigator.actions.collections._parse' /usr/share/ansible/collections/ansible_collections/redhat/rhel_system_roles/roles/rhc/meta/argument_specs.yml Failed to find argument_specs.yml for role in redhat.rhel_system_roles.
2023-07-24T19:30:53.495823+00:00 ERROR 'ansible_navigator.actions.collections._parse' /usr/share/ansible/collections/ansible_collections/redhat/rhel_system_roles/roles/selinux/meta/argument_specs.yml Failed to find argument_specs.yml for role in redhat.rhel_system_roles.
2023-07-24T19:30:53.495847+00:00 ERROR 'ansible_navigator.actions.collections._parse' /usr/share/ansible/collections/ansible_collections/redhat/rhel_system_roles/roles/ssh/meta/argument_specs.yml Failed to find argument_specs.yml for role in redhat.rhel_system_roles.
2023-07-24T19:30:53.495871+00:00 ERROR 'ansible_navigator.actions.collections._parse' /usr/share/ansible/collections/ansible_collections/redhat/rhel_system_roles/roles/sshd/meta/argument_specs.yml Failed to find argument_specs.yml for role in redhat.rhel_system_roles.
2023-07-24T19:30:53.495895+00:00 ERROR 'ansible_navigator.actions.collections._parse' /usr/share/ansible/collections/ansible_collections/redhat/rhel_system_roles/roles/storage/meta/argument_specs.yml Failed to find argument_specs.yml for role in redhat.rhel_system_roles.
2023-07-24T19:30:53.495919+00:00 ERROR 'ansible_navigator.actions.collections._parse' /usr/share/ansible/collections/ansible_collections/redhat/rhel_system_roles/roles/timesync/meta/argument_specs.yml Failed to find argument_specs.yml for role in redhat.rhel_system_roles.
2023-07-24T19:30:53.495975+00:00 ERROR 'ansible_navigator.actions.collections._parse' /usr/share/ansible/collections/ansible_collections/redhat/rhel_system_roles/roles/tlog/meta/argument_specs.yml Failed to find argument_specs.yml for role in redhat.rhel_system_roles.
2023-07-24T19:30:53.496023+00:00 ERROR 'ansible_navigator.actions.collections._parse' /usr/share/ansible/collections/ansible_collections/redhat/rhel_system_roles/roles/vpn/meta/argument_specs.yml Failed to find argument_specs.yml for role in redhat.rhel_system_roles.
2023-07-24T19:30:53.496050+00:00 ERROR 'ansible_navigator.actions.collections._parse' /usr/share/ansible/collections/ansible_collections/redhat/rhv/roles/cluster_upgrade/meta/argument_specs.yml Failed to find argument_specs.yml for role in redhat.rhv.
2023-07-24T19:30:53.496075+00:00 ERROR 'ansible_navigator.actions.collections._parse' /usr/share/ansible/collections/ansible_collections/redhat/rhv/roles/cluster_upgrade/meta/main.yml Failed to find main.yml for role in redhat.rhv.
2023-07-24T19:30:53.496099+00:00 ERROR 'ansible_navigator.actions.collections._parse' /usr/share/ansible/collections/ansible_collections/redhat/rhv/roles/disaster_recovery/meta/argument_specs.yml Failed to find argument_specs.yml for role in redhat.rhv.
2023-07-24T19:30:53.496123+00:00 ERROR 'ansible_navigator.actions.collections._parse' /usr/share/ansible/collections/ansible_collections/redhat/rhv/roles/disaster_recovery/meta/main.yml Failed to find main.yml for role in redhat.rhv.
2023-07-24T19:30:53.496147+00:00 ERROR 'ansible_navigator.actions.collections._parse' /usr/share/ansible/collections/ansible_collections/redhat/rhv/roles/engine_setup/meta/argument_specs.yml Failed to find argument_specs.yml for role in redhat.rhv.
2023-07-24T19:30:53.496171+00:00 ERROR 'ansible_navigator.actions.collections._parse' /usr/share/ansible/collections/ansible_collections/redhat/rhv/roles/engine_setup/meta/main.yml Failed to find main.yml for role in redhat.rhv.
2023-07-24T19:30:53.496195+00:00 ERROR 'ansible_navigator.actions.collections._parse' /usr/share/ansible/collections/ansible_collections/redhat/rhv/roles/hosted_engine_setup/meta/argument_specs.yml Failed to find argument_specs.yml for role in redhat.rhv.
2023-07-24T19:30:53.496219+00:00 ERROR 'ansible_navigator.actions.collections._parse' /usr/share/ansible/collections/ansible_collections/redhat/rhv/roles/hosted_engine_setup/meta/main.yml Failed to find main.yml for role in redhat.rhv.
2023-07-24T19:30:53.496243+00:00 ERROR 'ansible_navigator.actions.collections._parse' /usr/share/ansible/collections/ansible_collections/redhat/rhv/roles/image_template/meta/argument_specs.yml Failed to find argument_specs.yml for role in redhat.rhv.
2023-07-24T19:30:53.496267+00:00 ERROR 'ansible_navigator.actions.collections._parse' /usr/share/ansible/collections/ansible_collections/redhat/rhv/roles/image_template/meta/main.yml Failed to find main.yml for role in redhat.rhv.
2023-07-24T19:30:53.496290+00:00 ERROR 'ansible_navigator.actions.collections._parse' /usr/share/ansible/collections/ansible_collections/redhat/rhv/roles/infra/meta/argument_specs.yml Failed to find argument_specs.yml for role in redhat.rhv.
2023-07-24T19:30:53.496314+00:00 ERROR 'ansible_navigator.actions.collections._parse' /usr/share/ansible/collections/ansible_collections/redhat/rhv/roles/infra/meta/main.yml Failed to find main.yml for role in redhat.rhv.
2023-07-24T19:30:53.496338+00:00 ERROR 'ansible_navigator.actions.collections._parse' /usr/share/ansible/collections/ansible_collections/redhat/rhv/roles/remove_stale_lun/meta/argument_specs.yml Failed to find argument_specs.yml for role in redhat.rhv.
2023-07-24T19:30:53.496362+00:00 ERROR 'ansible_navigator.actions.collections._parse' /usr/share/ansible/collections/ansible_collections/redhat/rhv/roles/remove_stale_lun/meta/main.yml Failed to find main.yml for role in redhat.rhv.
2023-07-24T19:30:53.496386+00:00 ERROR 'ansible_navigator.actions.collections._parse' /usr/share/ansible/collections/ansible_collections/redhat/rhv/roles/repositories/meta/argument_specs.yml Failed to find argument_specs.yml for role in redhat.rhv.
2023-07-24T19:30:53.496410+00:00 ERROR 'ansible_navigator.actions.collections._parse' /usr/share/ansible/collections/ansible_collections/redhat/rhv/roles/repositories/meta/main.yml Failed to find main.yml for role in redhat.rhv.
2023-07-24T19:30:53.496437+00:00 ERROR 'ansible_navigator.actions.collections._parse' /usr/share/ansible/collections/ansible_collections/redhat/rhv/roles/shutdown_env/meta/argument_specs.yml Failed to find argument_specs.yml for role in redhat.rhv.
2023-07-24T19:30:53.496462+00:00 ERROR 'ansible_navigator.actions.collections._parse' /usr/share/ansible/collections/ansible_collections/redhat/rhv/roles/shutdown_env/meta/main.yml Failed to find main.yml for role in redhat.rhv.
2023-07-24T19:30:53.496487+00:00 ERROR 'ansible_navigator.actions.collections._parse' /usr/share/ansible/collections/ansible_collections/redhat/rhv/roles/vm_infra/meta/argument_specs.yml Failed to find argument_specs.yml for role in redhat.rhv.
2023-07-24T19:30:53.496510+00:00 ERROR 'ansible_navigator.actions.collections._parse' /usr/share/ansible/collections/ansible_collections/redhat/rhv/roles/vm_infra/meta/main.yml Failed to find main.yml for role in redhat.rhv.
2023-07-24T19:30:53.496534+00:00 ERROR 'ansible_navigator.actions.collections._parse' /usr/share/ansible/collections/ansible_collections/redhat/sap_install/roles/sap_general_preconfigure/meta/argument_specs.yml Failed to find argument_specs.yml for role in redhat.sap_install.
2023-07-24T19:30:53.496558+00:00 ERROR 'ansible_navigator.actions.collections._parse' /usr/share/ansible/collections/ansible_collections/redhat/sap_install/roles/sap_ha_install_hana_hsr/meta/argument_specs.yml Failed to find argument_specs.yml for role in redhat.sap_install.
2023-07-24T19:30:53.496583+00:00 ERROR 'ansible_navigator.actions.collections._parse' /usr/share/ansible/collections/ansible_collections/redhat/sap_install/roles/sap_hana_preconfigure/meta/argument_specs.yml Failed to find argument_specs.yml for role in redhat.sap_install.
2023-07-24T19:30:53.496658+00:00 ERROR 'ansible_navigator.actions.collections._parse' /usr/share/ansible/collections/ansible_collections/redhat/sap_install/roles/sap_netweaver_preconfigure/meta/argument_specs.yml Failed to find argument_specs.yml for role in redhat.sap_install.
2023-07-24T19:30:53.496723+00:00 ERROR 'ansible_navigator.actions.collections._parse' /usr/share/ansible/collections/ansible_collections/redhat/sap_install/roles/sap_swpm/meta/argument_specs.yml Failed to find argument_specs.yml for role in redhat.sap_install.
2023-07-24T19:30:53.496750+00:00 ERROR 'ansible_navigator.actions.collections._parse' /usr/share/ansible/collections/ansible_collections/redhat/satellite/roles/activation_keys/meta/argument_specs.yml Failed to find argument_specs.yml for role in redhat.satellite.
2023-07-24T19:30:53.496775+00:00 ERROR 'ansible_navigator.actions.collections._parse' /usr/share/ansible/collections/ansible_collections/redhat/satellite/roles/activation_keys/meta/main.yml Failed to find main.yml for role in redhat.satellite.
2023-07-24T19:30:53.496799+00:00 ERROR 'ansible_navigator.actions.collections._parse' /usr/share/ansible/collections/ansible_collections/redhat/satellite/roles/auth_sources_ldap/meta/argument_specs.yml Failed to find argument_specs.yml for role in redhat.satellite.
2023-07-24T19:30:53.496823+00:00 ERROR 'ansible_navigator.actions.collections._parse' /usr/share/ansible/collections/ansible_collections/redhat/satellite/roles/auth_sources_ldap/meta/main.yml Failed to find main.yml for role in redhat.satellite.
2023-07-24T19:30:53.496847+00:00 ERROR 'ansible_navigator.actions.collections._parse' /usr/share/ansible/collections/ansible_collections/redhat/satellite/roles/compute_profiles/meta/argument_specs.yml Failed to find argument_specs.yml for role in redhat.satellite.
2023-07-24T19:30:53.496871+00:00 ERROR 'ansible_navigator.actions.collections._parse' /usr/share/ansible/collections/ansible_collections/redhat/satellite/roles/compute_profiles/meta/main.yml Failed to find main.yml for role in redhat.satellite.
2023-07-24T19:30:53.496895+00:00 ERROR 'ansible_navigator.actions.collections._parse' /usr/share/ansible/collections/ansible_collections/redhat/satellite/roles/compute_resources/meta/argument_specs.yml Failed to find argument_specs.yml for role in redhat.satellite.
2023-07-24T19:30:53.496923+00:00 ERROR 'ansible_navigator.actions.collections._parse' /usr/share/ansible/collections/ansible_collections/redhat/satellite/roles/compute_resources/meta/main.yml Failed to find main.yml for role in redhat.satellite.
2023-07-24T19:30:53.496949+00:00 ERROR 'ansible_navigator.actions.collections._parse' /usr/share/ansible/collections/ansible_collections/redhat/satellite/roles/content_credentials/meta/argument_specs.yml Failed to find argument_specs.yml for role in redhat.satellite.
2023-07-24T19:30:53.496974+00:00 ERROR 'ansible_navigator.actions.collections._parse' /usr/share/ansible/collections/ansible_collections/redhat/satellite/roles/content_credentials/meta/main.yml Failed to find main.yml for role in redhat.satellite.
2023-07-24T19:30:53.496997+00:00 ERROR 'ansible_navigator.actions.collections._parse' /usr/share/ansible/collections/ansible_collections/redhat/satellite/roles/content_rhel/meta/argument_specs.yml Failed to find argument_specs.yml for role in redhat.satellite.
2023-07-24T19:30:53.497021+00:00 ERROR 'ansible_navigator.actions.collections._parse' /usr/share/ansible/collections/ansible_collections/redhat/satellite/roles/content_rhel/meta/main.yml Failed to find main.yml for role in redhat.satellite.
2023-07-24T19:30:53.497045+00:00 ERROR 'ansible_navigator.actions.collections._parse' /usr/share/ansible/collections/ansible_collections/redhat/satellite/roles/content_view_publish/meta/argument_specs.yml Failed to find argument_specs.yml for role in redhat.satellite.
2023-07-24T19:30:53.497069+00:00 ERROR 'ansible_navigator.actions.collections._parse' /usr/share/ansible/collections/ansible_collections/redhat/satellite/roles/content_view_publish/meta/main.yml Failed to find main.yml for role in redhat.satellite.
2023-07-24T19:30:53.497093+00:00 ERROR 'ansible_navigator.actions.collections._parse' /usr/share/ansible/collections/ansible_collections/redhat/satellite/roles/content_view_version_cleanup/meta/argument_specs.yml Failed to find argument_specs.yml for role in redhat.satellite.
2023-07-24T19:30:53.497117+00:00 ERROR 'ansible_navigator.actions.collections._parse' /usr/share/ansible/collections/ansible_collections/redhat/satellite/roles/content_view_version_cleanup/meta/main.yml Failed to find main.yml for role in redhat.satellite.
2023-07-24T19:30:53.497141+00:00 ERROR 'ansible_navigator.actions.collections._parse' /usr/share/ansible/collections/ansible_collections/redhat/satellite/roles/content_views/meta/argument_specs.yml Failed to find argument_specs.yml for role in redhat.satellite.
2023-07-24T19:30:53.497166+00:00 ERROR 'ansible_navigator.actions.collections._parse' /usr/share/ansible/collections/ansible_collections/redhat/satellite/roles/content_views/meta/main.yml Failed to find main.yml for role in redhat.satellite.
2023-07-24T19:30:53.497190+00:00 ERROR 'ansible_navigator.actions.collections._parse' /usr/share/ansible/collections/ansible_collections/redhat/satellite/roles/convert2rhel/meta/argument_specs.yml Failed to find argument_specs.yml for role in redhat.satellite.
2023-07-24T19:30:53.497215+00:00 ERROR 'ansible_navigator.actions.collections._parse' /usr/share/ansible/collections/ansible_collections/redhat/satellite/roles/convert2rhel/meta/main.yml Failed to find main.yml for role in redhat.satellite.
2023-07-24T19:30:53.497239+00:00 ERROR 'ansible_navigator.actions.collections._parse' /usr/share/ansible/collections/ansible_collections/redhat/satellite/roles/domains/meta/argument_specs.yml Failed to find argument_specs.yml for role in redhat.satellite.
2023-07-24T19:30:53.497263+00:00 ERROR 'ansible_navigator.actions.collections._parse' /usr/share/ansible/collections/ansible_collections/redhat/satellite/roles/domains/meta/main.yml Failed to find main.yml for role in redhat.satellite.
2023-07-24T19:30:53.497313+00:00 ERROR 'ansible_navigator.actions.collections._parse' /usr/share/ansible/collections/ansible_collections/redhat/satellite/roles/hostgroups/meta/argument_specs.yml Failed to find argument_specs.yml for role in redhat.satellite.
2023-07-24T19:30:53.497343+00:00 ERROR 'ansible_navigator.actions.collections._parse' /usr/share/ansible/collections/ansible_collections/redhat/satellite/roles/hostgroups/meta/main.yml Failed to find main.yml for role in redhat.satellite.
2023-07-24T19:30:53.497369+00:00 ERROR 'ansible_navigator.actions.collections._parse' /usr/share/ansible/collections/ansible_collections/redhat/satellite/roles/lifecycle_environments/meta/argument_specs.yml Failed to find argument_specs.yml for role in redhat.satellite.
2023-07-24T19:30:53.497393+00:00 ERROR 'ansible_navigator.actions.collections._parse' /usr/share/ansible/collections/ansible_collections/redhat/satellite/roles/lifecycle_environments/meta/main.yml Failed to find main.yml for role in redhat.satellite.
2023-07-24T19:30:53.497417+00:00 ERROR 'ansible_navigator.actions.collections._parse' /usr/share/ansible/collections/ansible_collections/redhat/satellite/roles/manifest/meta/argument_specs.yml Failed to find argument_specs.yml for role in redhat.satellite.
2023-07-24T19:30:53.497441+00:00 ERROR 'ansible_navigator.actions.collections._parse' /usr/share/ansible/collections/ansible_collections/redhat/satellite/roles/manifest/meta/main.yml Failed to find main.yml for role in redhat.satellite.
2023-07-24T19:30:53.497464+00:00 ERROR 'ansible_navigator.actions.collections._parse' /usr/share/ansible/collections/ansible_collections/redhat/satellite/roles/operatingsystems/meta/argument_specs.yml Failed to find argument_specs.yml for role in redhat.satellite.
2023-07-24T19:30:53.497488+00:00 ERROR 'ansible_navigator.actions.collections._parse' /usr/share/ansible/collections/ansible_collections/redhat/satellite/roles/operatingsystems/meta/main.yml Failed to find main.yml for role in redhat.satellite.
2023-07-24T19:30:53.497512+00:00 ERROR 'ansible_navigator.actions.collections._parse' /usr/share/ansible/collections/ansible_collections/redhat/satellite/roles/organizations/meta/argument_specs.yml Failed to find argument_specs.yml for role in redhat.satellite.
2023-07-24T19:30:53.497536+00:00 ERROR 'ansible_navigator.actions.collections._parse' /usr/share/ansible/collections/ansible_collections/redhat/satellite/roles/organizations/meta/main.yml Failed to find main.yml for role in redhat.satellite.
2023-07-24T19:30:53.497560+00:00 ERROR 'ansible_navigator.actions.collections._parse' /usr/share/ansible/collections/ansible_collections/redhat/satellite/roles/provisioning_templates/meta/argument_specs.yml Failed to find argument_specs.yml for role in redhat.satellite.
2023-07-24T19:30:53.497584+00:00 ERROR 'ansible_navigator.actions.collections._parse' /usr/share/ansible/collections/ansible_collections/redhat/satellite/roles/provisioning_templates/meta/main.yml Failed to find main.yml for role in redhat.satellite.
2023-07-24T19:30:53.497608+00:00 ERROR 'ansible_navigator.actions.collections._parse' /usr/share/ansible/collections/ansible_collections/redhat/satellite/roles/repositories/meta/argument_specs.yml Failed to find argument_specs.yml for role in redhat.satellite.
2023-07-24T19:30:53.497632+00:00 ERROR 'ansible_navigator.actions.collections._parse' /usr/share/ansible/collections/ansible_collections/redhat/satellite/roles/repositories/meta/main.yml Failed to find main.yml for role in redhat.satellite.
2023-07-24T19:30:53.497655+00:00 ERROR 'ansible_navigator.actions.collections._parse' /usr/share/ansible/collections/ansible_collections/redhat/satellite/roles/settings/meta/argument_specs.yml Failed to find argument_specs.yml for role in redhat.satellite.
2023-07-24T19:30:53.497679+00:00 ERROR 'ansible_navigator.actions.collections._parse' /usr/share/ansible/collections/ansible_collections/redhat/satellite/roles/settings/meta/main.yml Failed to find main.yml for role in redhat.satellite.
2023-07-24T19:30:53.497703+00:00 ERROR 'ansible_navigator.actions.collections._parse' /usr/share/ansible/collections/ansible_collections/redhat/satellite/roles/subnets/meta/argument_specs.yml Failed to find argument_specs.yml for role in redhat.satellite.
2023-07-24T19:30:53.497739+00:00 ERROR 'ansible_navigator.actions.collections._parse' /usr/share/ansible/collections/ansible_collections/redhat/satellite/roles/subnets/meta/main.yml Failed to find main.yml for role in redhat.satellite.
2023-07-24T19:30:53.497765+00:00 ERROR 'ansible_navigator.actions.collections._parse' /usr/share/ansible/collections/ansible_collections/redhat/satellite/roles/sync_plans/meta/argument_specs.yml Failed to find argument_specs.yml for role in redhat.satellite.
2023-07-24T19:30:53.497789+00:00 ERROR 'ansible_navigator.actions.collections._parse' /usr/share/ansible/collections/ansible_collections/redhat/satellite/roles/sync_plans/meta/main.yml Failed to find main.yml for role in redhat.satellite.
2023-07-24T19:30:53.497812+00:00 ERROR 'ansible_navigator.actions.collections._parse' /usr/share/ansible/collections/ansible_collections/redhat/satellite_operations/roles/backup/meta/argument_specs.yml Failed to find argument_specs.yml for role in redhat.satellite_operations.
2023-07-24T19:30:53.497836+00:00 ERROR 'ansible_navigator.actions.collections._parse' /usr/share/ansible/collections/ansible_collections/redhat/satellite_operations/roles/backup/meta/main.yml Failed to find main.yml for role in redhat.satellite_operations.
2023-07-24T19:30:53.497860+00:00 ERROR 'ansible_navigator.actions.collections._parse' /usr/share/ansible/collections/ansible_collections/redhat/satellite_operations/roles/capsule_certs_generate/meta/argument_specs.yml Failed to find argument_specs.yml for role in redhat.satellite_operations.
2023-07-24T19:30:53.497884+00:00 ERROR 'ansible_navigator.actions.collections._parse' /usr/share/ansible/collections/ansible_collections/redhat/satellite_operations/roles/capsule_certs_generate/meta/main.yml Failed to find main.yml for role in redhat.satellite_operations.
2023-07-24T19:30:53.497908+00:00 ERROR 'ansible_navigator.actions.collections._parse' /usr/share/ansible/collections/ansible_collections/redhat/satellite_operations/roles/cloud_connector/meta/argument_specs.yml Failed to find argument_specs.yml for role in redhat.satellite_operations.
2023-07-24T19:30:53.497959+00:00 ERROR 'ansible_navigator.actions.collections._parse' /usr/share/ansible/collections/ansible_collections/redhat/satellite_operations/roles/cloud_connector/meta/main.yml Failed to find main.yml for role in redhat.satellite_operations.
2023-07-24T19:30:53.497999+00:00 ERROR 'ansible_navigator.actions.collections._parse' /usr/share/ansible/collections/ansible_collections/redhat/satellite_operations/roles/installer/meta/argument_specs.yml Failed to find argument_specs.yml for role in redhat.satellite_operations.
2023-07-24T19:30:53.498024+00:00 ERROR 'ansible_navigator.actions.collections._parse' /usr/share/ansible/collections/ansible_collections/redhat/satellite_operations/roles/installer/meta/main.yml Failed to find main.yml for role in redhat.satellite_operations.
2023-07-24T19:30:55.777957+00:00 WARNING 'ansible_navigator.run' Dirty exit, killing the pid
