2023-07-24T00:56:14.749884+00:00 INFO 'ansible_navigator.setup_logger' New ansible-navigator instance, logging initialized
2023-07-24T00:56:14.750732+00:00 INFO 'ansible_navigator.setup_logger' New ansible-runner instance, logging initialized
2023-07-24T00:56:14.750804+00:00 DEBUG 'ansible_navigator.main' Jinja2==3.1.2 
2023-07-24T00:56:14.750849+00:00 DEBUG 'ansible_navigator.main' MarkupSafe==2.1.0 
2023-07-24T00:56:14.750889+00:00 DEBUG 'ansible_navigator.main' PySocks==1.7.1 
2023-07-24T00:56:14.750928+00:00 DEBUG 'ansible_navigator.main' PyYAML==5.4.1 
2023-07-24T00:56:14.750965+00:00 DEBUG 'ansible_navigator.main' ansible-builder==3.0.0 
2023-07-24T00:56:14.751002+00:00 DEBUG 'ansible_navigator.main' ansible-core==2.15.0 
2023-07-24T00:56:14.751038+00:00 DEBUG 'ansible_navigator.main' ansible-navigator==3.3.1 
2023-07-24T00:56:14.751074+00:00 DEBUG 'ansible_navigator.main' ansible-runner==2.3.2 
2023-07-24T00:56:14.751111+00:00 DEBUG 'ansible_navigator.main' attrs==21.4.0 /usr/lib/python3.9/site-packages/attrs/__init__.py
2023-07-24T00:56:14.751147+00:00 DEBUG 'ansible_navigator.main' bindep==2.10.2 /usr/lib/python3.9/site-packages/bindep/__init__.py
2023-07-24T00:56:14.751183+00:00 DEBUG 'ansible_navigator.main' cffi==1.15.0 /usr/lib64/python3.9/site-packages/cffi/__init__.py
2023-07-24T00:56:14.751220+00:00 DEBUG 'ansible_navigator.main' chardet==4.0.0 /usr/lib/python3.9/site-packages/chardet/__init__.py
2023-07-24T00:56:14.751255+00:00 DEBUG 'ansible_navigator.main' cryptography==38.0.4 /usr/lib64/python3.9/site-packages/cryptography/__init__.py
2023-07-24T00:56:14.751291+00:00 DEBUG 'ansible_navigator.main' dasbus==1.4 /usr/lib/python3.9/site-packages/dasbus/__init__.py
2023-07-24T00:56:14.751403+00:00 DEBUG 'ansible_navigator.main' dbus-python==1.2.18 
2023-07-24T00:56:14.751446+00:00 DEBUG 'ansible_navigator.main' decorator==4.4.2 /usr/lib/python3.9/site-packages/decorator.py
2023-07-24T00:56:14.751483+00:00 DEBUG 'ansible_navigator.main' distro==1.5.0 /usr/lib/python3.9/site-packages/distro.py
2023-07-24T00:56:14.751519+00:00 DEBUG 'ansible_navigator.main' docutils==0.16 /usr/lib/python3.9/site-packages/docutils/__init__.py
2023-07-24T00:56:14.751555+00:00 DEBUG 'ansible_navigator.main' ethtool==0.15 /usr/lib64/python3.9/site-packages/ethtool.cpython-39-x86_64-linux-gnu.so
2023-07-24T00:56:14.751591+00:00 DEBUG 'ansible_navigator.main' file-magic==0.4.0 
2023-07-24T00:56:14.751627+00:00 DEBUG 'ansible_navigator.main' idna==2.10 /usr/lib/python3.9/site-packages/idna/__init__.py
2023-07-24T00:56:14.751663+00:00 DEBUG 'ansible_navigator.main' importlib-metadata==4.10.1 
2023-07-24T00:56:14.751698+00:00 DEBUG 'ansible_navigator.main' importlib-resources==5.0.7 
2023-07-24T00:56:14.751734+00:00 DEBUG 'ansible_navigator.main' iniparse==0.4 /usr/lib/python3.9/site-packages/iniparse/__init__.py
2023-07-24T00:56:14.751770+00:00 DEBUG 'ansible_navigator.main' jsonschema==4.16.0 /usr/lib/python3.9/site-packages/jsonschema/__init__.py
2023-07-24T00:56:14.751805+00:00 DEBUG 'ansible_navigator.main' lockfile==0.12.2 /usr/lib/python3.9/site-packages/lockfile/__init__.py
2023-07-24T00:56:14.751841+00:00 DEBUG 'ansible_navigator.main' lxml==4.6.5 /usr/lib64/python3.9/site-packages/lxml/__init__.py
2023-07-24T00:56:14.751877+00:00 DEBUG 'ansible_navigator.main' onigurumacffi==1.1.0 /usr/lib64/python3.9/site-packages/onigurumacffi.py
2023-07-24T00:56:14.751913+00:00 DEBUG 'ansible_navigator.main' packaging==21.3 /usr/lib/python3.9/site-packages/packaging/__init__.py
2023-07-24T00:56:14.751949+00:00 DEBUG 'ansible_navigator.main' pbr==5.8.1 /usr/lib/python3.9/site-packages/pbr/__init__.py
2023-07-24T00:56:14.751985+00:00 DEBUG 'ansible_navigator.main' perf==0.1 /usr/lib64/python3.9/site-packages/perf.cpython-39-x86_64-linux-gnu.so
2023-07-24T00:56:14.752020+00:00 DEBUG 'ansible_navigator.main' psutil==5.8.0 /usr/lib64/python3.9/site-packages/psutil/__init__.py
2023-07-24T00:56:14.752056+00:00 DEBUG 'ansible_navigator.main' pycairo==1.20.1 
2023-07-24T00:56:14.752092+00:00 DEBUG 'ansible_navigator.main' pycparser==2.21 /usr/lib/python3.9/site-packages/pycparser/__init__.py
2023-07-24T00:56:14.752137+00:00 DEBUG 'ansible_navigator.main' pyinotify==0.9.6 /usr/lib/python3.9/site-packages/pyinotify.py
2023-07-24T00:56:14.752175+00:00 DEBUG 'ansible_navigator.main' pyrsistent==0.17.3 /usr/lib64/python3.9/site-packages/pyrsistent/__init__.py
2023-07-24T00:56:14.752212+00:00 DEBUG 'ansible_navigator.main' python-daemon==2.3.0 
2023-07-24T00:56:14.752248+00:00 DEBUG 'ansible_navigator.main' python-dateutil==2.8.1 
2023-07-24T00:56:14.752283+00:00 DEBUG 'ansible_navigator.main' python-linux-procfs==0.7.0 
2023-07-24T00:56:14.752379+00:00 DEBUG 'ansible_navigator.main' pyudev==0.22.0 /usr/lib/python3.9/site-packages/pyudev/__init__.py
2023-07-24T00:56:14.752424+00:00 DEBUG 'ansible_navigator.main' requests==2.25.1 /usr/lib/python3.9/site-packages/requests/__init__.py
2023-07-24T00:56:14.752460+00:00 DEBUG 'ansible_navigator.main' requirements-parser==0.2.0 
2023-07-24T00:56:14.752496+00:00 DEBUG 'ansible_navigator.main' resolvelib==0.5.4 /usr/lib/python3.9/site-packages/resolvelib/__init__.py
2023-07-24T00:56:14.752532+00:00 DEBUG 'ansible_navigator.main' selinux==3.5 /usr/lib64/python3.9/site-packages/selinux/__init__.py
2023-07-24T00:56:14.752568+00:00 DEBUG 'ansible_navigator.main' sepolicy==3.5 /usr/lib/python3.9/site-packages/sepolicy/__init__.py
2023-07-24T00:56:14.752604+00:00 DEBUG 'ansible_navigator.main' setools==4.4.1 /usr/lib64/python3.9/site-packages/setools/__init__.py
2023-07-24T00:56:14.752640+00:00 DEBUG 'ansible_navigator.main' setroubleshoot==3.3.31 /usr/lib/python3.9/site-packages/setroubleshoot/__init__.py
2023-07-24T00:56:14.752675+00:00 DEBUG 'ansible_navigator.main' setuptools==53.0.0 /usr/lib/python3.9/site-packages/setuptools/__init__.py
2023-07-24T00:56:14.752710+00:00 DEBUG 'ansible_navigator.main' six==1.15.0 /usr/lib/python3.9/site-packages/six.py
2023-07-24T00:56:14.752745+00:00 DEBUG 'ansible_navigator.main' sos==4.5.4 /usr/lib/python3.9/site-packages/sos/__init__.py
2023-07-24T00:56:14.752780+00:00 DEBUG 'ansible_navigator.main' subscription-manager==1.29.33.1 
2023-07-24T00:56:14.752815+00:00 DEBUG 'ansible_navigator.main' typing-extensions==3.10.0.2 
2023-07-24T00:56:14.752853+00:00 DEBUG 'ansible_navigator.main' urllib3==1.26.5 /usr/lib/python3.9/site-packages/urllib3/__init__.py
2023-07-24T00:56:14.752888+00:00 DEBUG 'ansible_navigator.main' zipp==3.4.0 /usr/lib/python3.9/site-packages/zipp.py
2023-07-24T00:56:14.752925+00:00 DEBUG 'ansible_navigator.main' Default collection_doc_cache_path set to: /home/ansible/.cache/ansible-navigator/collection_doc_cache.db
2023-07-24T00:56:14.752960+00:00 DEBUG 'ansible_navigator.main' EDITOR environment variable not set
2023-07-24T00:56:14.752995+00:00 DEBUG 'ansible_navigator.main' Default editor_command set to: vi +{line_number} {filename}
2023-07-24T00:56:14.753031+00:00 DEBUG 'ansible_navigator.main' No config file set by ANSIBLE_NAVIGATOR_CONFIG
2023-07-24T00:56:14.753067+00:00 DEBUG 'ansible_navigator.main' Looking in /home/ansible
2023-07-24T00:56:14.753102+00:00 DEBUG 'ansible_navigator.main' Looking for '/home/ansible/.ansible-navigator.yml', '/home/ansible/.ansible-navigator.yaml' and '/home/ansible/.ansible-navigator.json'
2023-07-24T00:56:14.753137+00:00 DEBUG 'ansible_navigator.main' Found 0: 
2023-07-24T00:56:14.753172+00:00 DEBUG 'ansible_navigator.main' Looking in /home/ansible/rhce-sample-exams_2nd-edition/solutions/lab1/task7
2023-07-24T00:56:14.753207+00:00 DEBUG 'ansible_navigator.main' Looking for '/home/ansible/rhce-sample-exams_2nd-edition/solutions/lab1/task7/ansible-navigator.yml', '/home/ansible/rhce-sample-exams_2nd-edition/solutions/lab1/task7/ansible-navigator.yaml' and '/home/ansible/rhce-sample-exams_2nd-edition/solutions/lab1/task7/ansible-navigator.json'
2023-07-24T00:56:14.753250+00:00 DEBUG 'ansible_navigator.main' Found 0: 
2023-07-24T00:56:14.753287+00:00 DEBUG 'ansible_navigator.main' All found 0: 
2023-07-24T00:56:14.753378+00:00 DEBUG 'ansible_navigator.main' Using: None
2023-07-24T00:56:14.753421+00:00 DEBUG 'ansible_navigator.main' No valid settings file found, using all default values for settings.
2023-07-24T00:56:14.753467+00:00 DEBUG 'ansible_navigator.main' Command provided: '--pp never task7.yaml'
2023-07-24T00:56:14.753509+00:00 WARNING 'ansible_navigator.main' Configuration errors encountered, rolling back to previous configuration.
2023-07-24T00:56:14.753546+00:00 DEBUG 'ansible_navigator.main' Prior to rollback: ansible_runner_artifact_dir = 'Not set' (Constants/Not set)
2023-07-24T00:56:14.753582+00:00 DEBUG 'ansible_navigator.main' Prior to rollback: ansible_runner_rotate_artifacts_count = 'Not set' (Constants/Not set)
2023-07-24T00:56:14.753618+00:00 DEBUG 'ansible_navigator.main' Prior to rollback: ansible_runner_timeout = 'Not set' (Constants/Not set)
2023-07-24T00:56:14.753653+00:00 DEBUG 'ansible_navigator.main' Prior to rollback: ansible_runner_write_job_events = 'False' (bool/Defaults)
2023-07-24T00:56:14.753690+00:00 DEBUG 'ansible_navigator.main' Prior to rollback: app = 'welcome' (str/Defaults)
2023-07-24T00:56:14.753725+00:00 DEBUG 'ansible_navigator.main' Prior to rollback: cmdline = '['--pp', 'never', 'task7.yaml']' (list/Command line)
2023-07-24T00:56:14.753761+00:00 DEBUG 'ansible_navigator.main' Prior to rollback: collection_doc_cache_path = '/home/ansible/.cache/ansible-navigator/collection_doc_cache.db' (str/Defaults)
2023-07-24T00:56:14.753796+00:00 DEBUG 'ansible_navigator.main' Prior to rollback: config = 'Not set' (Constants/Not set)
2023-07-24T00:56:14.753832+00:00 DEBUG 'ansible_navigator.main' Prior to rollback: container_engine = 'auto' (str/Defaults)
2023-07-24T00:56:14.753868+00:00 DEBUG 'ansible_navigator.main' Prior to rollback: container_options = 'Not set' (Constants/Not set)
2023-07-24T00:56:14.753904+00:00 DEBUG 'ansible_navigator.main' Prior to rollback: display_color = 'True' (bool/Defaults)
2023-07-24T00:56:14.753939+00:00 DEBUG 'ansible_navigator.main' Prior to rollback: editor_command = 'vi +{line_number} {filename}' (str/Defaults)
2023-07-24T00:56:14.753974+00:00 DEBUG 'ansible_navigator.main' Prior to rollback: editor_console = 'True' (bool/Defaults)
2023-07-24T00:56:14.754010+00:00 DEBUG 'ansible_navigator.main' Prior to rollback: enable_prompts = 'False' (bool/Defaults)
2023-07-24T00:56:14.754046+00:00 DEBUG 'ansible_navigator.main' Prior to rollback: exec_command = '/bin/bash' (str/Defaults)
2023-07-24T00:56:14.754081+00:00 DEBUG 'ansible_navigator.main' Prior to rollback: exec_shell = 'True' (bool/Defaults)
2023-07-24T00:56:14.754116+00:00 DEBUG 'ansible_navigator.main' Prior to rollback: execution_environment = 'True' (bool/Defaults)
2023-07-24T00:56:14.754152+00:00 DEBUG 'ansible_navigator.main' Prior to rollback: execution_environment_image = 'registry.redhat.io/ansible-automation-platform-24/ee-supported-rhel8:latest' (str/Defaults)
2023-07-24T00:56:14.754187+00:00 DEBUG 'ansible_navigator.main' Prior to rollback: execution_environment_volume_mounts = 'Not set' (Constants/Not set)
2023-07-24T00:56:14.754223+00:00 DEBUG 'ansible_navigator.main' Prior to rollback: format = 'yaml' (str/Defaults)
2023-07-24T00:56:14.754258+00:00 DEBUG 'ansible_navigator.main' Prior to rollback: help_builder = 'False' (bool/Defaults)
2023-07-24T00:56:14.754294+00:00 DEBUG 'ansible_navigator.main' Prior to rollback: help_config = 'False' (bool/Defaults)
2023-07-24T00:56:14.754405+00:00 DEBUG 'ansible_navigator.main' Prior to rollback: help_doc = 'False' (bool/Defaults)
2023-07-24T00:56:14.754445+00:00 DEBUG 'ansible_navigator.main' Prior to rollback: help_inventory = 'False' (bool/Defaults)
2023-07-24T00:56:14.754481+00:00 DEBUG 'ansible_navigator.main' Prior to rollback: help_playbook = 'False' (bool/Defaults)
2023-07-24T00:56:14.754517+00:00 DEBUG 'ansible_navigator.main' Prior to rollback: images_details = '['everything']' (list/Defaults)
2023-07-24T00:56:14.754552+00:00 DEBUG 'ansible_navigator.main' Prior to rollback: inventory = 'Not set' (Constants/Not set)
2023-07-24T00:56:14.754588+00:00 DEBUG 'ansible_navigator.main' Prior to rollback: inventory_column = 'Not set' (Constants/Not set)
2023-07-24T00:56:14.754623+00:00 DEBUG 'ansible_navigator.main' Prior to rollback: lint_config = 'Not set' (Constants/Not set)
2023-07-24T00:56:14.754664+00:00 DEBUG 'ansible_navigator.main' Prior to rollback: lintables = 'Not set' (Constants/Not set)
2023-07-24T00:56:14.754701+00:00 DEBUG 'ansible_navigator.main' Prior to rollback: log_append = 'True' (bool/Defaults)
2023-07-24T00:56:14.754737+00:00 DEBUG 'ansible_navigator.main' Prior to rollback: log_file = '/home/ansible/rhce-sample-exams_2nd-edition/solutions/lab1/task7/ansible-navigator.log' (str/Defaults)
2023-07-24T00:56:14.754772+00:00 DEBUG 'ansible_navigator.main' Prior to rollback: log_level = 'warning' (str/Defaults)
2023-07-24T00:56:14.754807+00:00 DEBUG 'ansible_navigator.main' Prior to rollback: mode = 'interactive' (str/Defaults)
2023-07-24T00:56:14.754843+00:00 DEBUG 'ansible_navigator.main' Prior to rollback: osc4 = 'True' (bool/Defaults)
2023-07-24T00:56:14.754878+00:00 DEBUG 'ansible_navigator.main' Prior to rollback: pass_environment_variable = 'Not set' (Constants/Not set)
2023-07-24T00:56:14.754914+00:00 DEBUG 'ansible_navigator.main' Prior to rollback: playbook = 'Not set' (Constants/Not set)
2023-07-24T00:56:14.754949+00:00 DEBUG 'ansible_navigator.main' Prior to rollback: playbook_artifact_enable = 'True' (bool/Defaults)
2023-07-24T00:56:14.754984+00:00 DEBUG 'ansible_navigator.main' Prior to rollback: playbook_artifact_replay = 'Not set' (Constants/Not set)
2023-07-24T00:56:14.755019+00:00 DEBUG 'ansible_navigator.main' Prior to rollback: playbook_artifact_save_as = '{playbook_dir}/{playbook_name}-artifact-{time_stamp}.json' (str/Defaults)
2023-07-24T00:56:14.755054+00:00 DEBUG 'ansible_navigator.main' Prior to rollback: plugin_name = 'Not set' (Constants/Not set)
2023-07-24T00:56:14.755090+00:00 DEBUG 'ansible_navigator.main' Prior to rollback: plugin_type = 'module' (str/Defaults)
2023-07-24T00:56:14.755125+00:00 DEBUG 'ansible_navigator.main' Prior to rollback: pull_arguments = 'Not set' (Constants/Not set)
2023-07-24T00:56:14.755161+00:00 DEBUG 'ansible_navigator.main' Prior to rollback: pull_policy = 'never' (str/Command line)
2023-07-24T00:56:14.755196+00:00 DEBUG 'ansible_navigator.main' Prior to rollback: set_environment_variable = 'Not set' (Constants/Not set)
2023-07-24T00:56:14.755231+00:00 DEBUG 'ansible_navigator.main' Prior to rollback: settings_effective = 'False' (bool/Defaults)
2023-07-24T00:56:14.755267+00:00 DEBUG 'ansible_navigator.main' Prior to rollback: settings_sample = 'False' (bool/Defaults)
2023-07-24T00:56:14.755333+00:00 DEBUG 'ansible_navigator.main' Prior to rollback: settings_schema = 'json' (str/Defaults)
2023-07-24T00:56:14.755396+00:00 DEBUG 'ansible_navigator.main' Prior to rollback: settings_sources = 'False' (bool/Defaults)
2023-07-24T00:56:14.755434+00:00 DEBUG 'ansible_navigator.main' Prior to rollback: time_zone = 'UTC' (str/Defaults)
2023-07-24T00:56:14.755470+00:00 DEBUG 'ansible_navigator.main' Prior to rollback: workdir = '/home/ansible/rhce-sample-exams_2nd-edition/solutions/lab1/task7' (str/Defaults)
2023-07-24T00:56:14.755505+00:00 DEBUG 'ansible_navigator.main' After rollback: ansible_runner_artifact_dir = 'Not set' (Constants/Not set)
2023-07-24T00:56:14.755541+00:00 DEBUG 'ansible_navigator.main' After rollback: ansible_runner_rotate_artifacts_count = 'Not set' (Constants/Not set)
2023-07-24T00:56:14.755577+00:00 DEBUG 'ansible_navigator.main' After rollback: ansible_runner_timeout = 'Not set' (Constants/Not set)
2023-07-24T00:56:14.755612+00:00 DEBUG 'ansible_navigator.main' After rollback: ansible_runner_write_job_events = 'Not set' (Constants/Not set)
2023-07-24T00:56:14.755648+00:00 DEBUG 'ansible_navigator.main' After rollback: app = 'Not set' (Constants/Not set)
2023-07-24T00:56:14.755684+00:00 DEBUG 'ansible_navigator.main' After rollback: cmdline = 'Not set' (Constants/Not set)
2023-07-24T00:56:14.755719+00:00 DEBUG 'ansible_navigator.main' After rollback: collection_doc_cache_path = 'Not set' (Constants/Not set)
2023-07-24T00:56:14.755754+00:00 DEBUG 'ansible_navigator.main' After rollback: config = 'Not set' (Constants/Not set)
2023-07-24T00:56:14.755797+00:00 DEBUG 'ansible_navigator.main' After rollback: container_engine = 'Not set' (Constants/Not set)
2023-07-24T00:56:14.755837+00:00 DEBUG 'ansible_navigator.main' After rollback: container_options = 'Not set' (Constants/Not set)
2023-07-24T00:56:14.755872+00:00 DEBUG 'ansible_navigator.main' After rollback: display_color = 'Not set' (Constants/Not set)
2023-07-24T00:56:14.755907+00:00 DEBUG 'ansible_navigator.main' After rollback: editor_command = 'Not set' (Constants/Not set)
2023-07-24T00:56:14.755946+00:00 DEBUG 'ansible_navigator.main' After rollback: editor_console = 'Not set' (Constants/Not set)
2023-07-24T00:56:14.755982+00:00 DEBUG 'ansible_navigator.main' After rollback: enable_prompts = 'Not set' (Constants/Not set)
2023-07-24T00:56:14.756017+00:00 DEBUG 'ansible_navigator.main' After rollback: exec_command = 'Not set' (Constants/Not set)
2023-07-24T00:56:14.756052+00:00 DEBUG 'ansible_navigator.main' After rollback: exec_shell = 'Not set' (Constants/Not set)
2023-07-24T00:56:14.756087+00:00 DEBUG 'ansible_navigator.main' After rollback: execution_environment = 'Not set' (Constants/Not set)
2023-07-24T00:56:14.756122+00:00 DEBUG 'ansible_navigator.main' After rollback: execution_environment_image = 'Not set' (Constants/Not set)
2023-07-24T00:56:14.756157+00:00 DEBUG 'ansible_navigator.main' After rollback: execution_environment_volume_mounts = 'Not set' (Constants/Not set)
2023-07-24T00:56:14.756193+00:00 DEBUG 'ansible_navigator.main' After rollback: format = 'Not set' (Constants/Not set)
2023-07-24T00:56:14.756228+00:00 DEBUG 'ansible_navigator.main' After rollback: help_builder = 'Not set' (Constants/Not set)
2023-07-24T00:56:14.756263+00:00 DEBUG 'ansible_navigator.main' After rollback: help_config = 'Not set' (Constants/Not set)
2023-07-24T00:56:14.756298+00:00 DEBUG 'ansible_navigator.main' After rollback: help_doc = 'Not set' (Constants/Not set)
2023-07-24T00:56:14.756386+00:00 DEBUG 'ansible_navigator.main' After rollback: help_inventory = 'Not set' (Constants/Not set)
2023-07-24T00:56:14.756425+00:00 DEBUG 'ansible_navigator.main' After rollback: help_playbook = 'Not set' (Constants/Not set)
2023-07-24T00:56:14.756460+00:00 DEBUG 'ansible_navigator.main' After rollback: images_details = 'Not set' (Constants/Not set)
2023-07-24T00:56:14.756496+00:00 DEBUG 'ansible_navigator.main' After rollback: inventory = 'Not set' (Constants/Not set)
2023-07-24T00:56:14.756532+00:00 DEBUG 'ansible_navigator.main' After rollback: inventory_column = 'Not set' (Constants/Not set)
2023-07-24T00:56:14.756567+00:00 DEBUG 'ansible_navigator.main' After rollback: lint_config = 'Not set' (Constants/Not set)
2023-07-24T00:56:14.756602+00:00 DEBUG 'ansible_navigator.main' After rollback: lintables = 'Not set' (Constants/Not set)
2023-07-24T00:56:14.756638+00:00 DEBUG 'ansible_navigator.main' After rollback: log_append = 'Not set' (Constants/Not set)
2023-07-24T00:56:14.756674+00:00 DEBUG 'ansible_navigator.main' After rollback: log_file = 'Not set' (Constants/Not set)
2023-07-24T00:56:14.756709+00:00 DEBUG 'ansible_navigator.main' After rollback: log_level = 'Not set' (Constants/Not set)
2023-07-24T00:56:14.756744+00:00 DEBUG 'ansible_navigator.main' After rollback: mode = 'Not set' (Constants/Not set)
2023-07-24T00:56:14.756779+00:00 DEBUG 'ansible_navigator.main' After rollback: osc4 = 'Not set' (Constants/Not set)
2023-07-24T00:56:14.756815+00:00 DEBUG 'ansible_navigator.main' After rollback: pass_environment_variable = 'Not set' (Constants/Not set)
2023-07-24T00:56:14.756849+00:00 DEBUG 'ansible_navigator.main' After rollback: playbook = 'Not set' (Constants/Not set)
2023-07-24T00:56:14.756885+00:00 DEBUG 'ansible_navigator.main' After rollback: playbook_artifact_enable = 'Not set' (Constants/Not set)
2023-07-24T00:56:14.756920+00:00 DEBUG 'ansible_navigator.main' After rollback: playbook_artifact_replay = 'Not set' (Constants/Not set)
2023-07-24T00:56:14.756955+00:00 DEBUG 'ansible_navigator.main' After rollback: playbook_artifact_save_as = 'Not set' (Constants/Not set)
2023-07-24T00:56:14.756990+00:00 DEBUG 'ansible_navigator.main' After rollback: plugin_name = 'Not set' (Constants/Not set)
2023-07-24T00:56:14.757034+00:00 DEBUG 'ansible_navigator.main' After rollback: plugin_type = 'Not set' (Constants/Not set)
2023-07-24T00:56:14.757073+00:00 DEBUG 'ansible_navigator.main' After rollback: pull_arguments = 'Not set' (Constants/Not set)
2023-07-24T00:56:14.757110+00:00 DEBUG 'ansible_navigator.main' After rollback: pull_policy = 'Not set' (Constants/Not set)
2023-07-24T00:56:14.757147+00:00 DEBUG 'ansible_navigator.main' After rollback: set_environment_variable = 'Not set' (Constants/Not set)
2023-07-24T00:56:14.757178+00:00 DEBUG 'ansible_navigator.main' After rollback: settings_effective = 'Not set' (Constants/Not set)
2023-07-24T00:56:14.757209+00:00 DEBUG 'ansible_navigator.main' After rollback: settings_sample = 'Not set' (Constants/Not set)
2023-07-24T00:56:14.757240+00:00 DEBUG 'ansible_navigator.main' After rollback: settings_schema = 'Not set' (Constants/Not set)
2023-07-24T00:56:14.757270+00:00 DEBUG 'ansible_navigator.main' After rollback: settings_sources = 'Not set' (Constants/Not set)
2023-07-24T00:56:14.757301+00:00 DEBUG 'ansible_navigator.main' After rollback: time_zone = 'Not set' (Constants/Not set)
2023-07-24T00:56:14.757378+00:00 DEBUG 'ansible_navigator.main' After rollback: workdir = 'Not set' (Constants/Not set)
2023-07-24T00:56:14.757412+00:00 DEBUG 'ansible_navigator.main' Configuration rollback complete.
2023-07-24T00:56:14.757443+00:00 DEBUG 'ansible_navigator.main' Collection doc cache not mounted
2023-07-24T00:56:14.757487+00:00 WARNING 'ansible_navigator.main' Issues were found while applying the settings.
2023-07-24T00:56:14.757523+00:00 INFO 'ansible_navigator.main' Command provided: '--pp never task7.yaml'
2023-07-24T00:56:14.757562+00:00 ERROR 'ansible_navigator.main' argument {subcommand} --help: invalid choice: 'task7.yaml' (choose from 'builder', 'collections', 'config', 'doc', 'exec', 'images', 'inventory', 'lint', 'replay', 'run', 'settings', 'welcome')
2023-07-24T00:56:14.757598+00:00 INFO 'ansible_navigator.main' Configuration failed, using default log file location. (/home/ansible/rhce-sample-exams_2nd-edition/solutions/lab1/task7/ansible-navigator.log) Log level set to debug
2023-07-24T00:56:14.757635+00:00 INFO 'ansible_navigator.main' Review the hints and log file to see what went wrong.
2023-07-24T00:57:16.238726+00:00 WARNING 'ansible_navigator.run' Dirty exit, killing the pid
