2023-07-23T19:22:27.116797+00:00 INFO 'ansible_navigator.setup_logger' New ansible-navigator instance, logging initialized
2023-07-23T19:22:27.117179+00:00 INFO 'ansible_navigator.setup_logger' New ansible-runner instance, logging initialized
2023-07-23T19:22:27.117224+00:00 DEBUG 'ansible_navigator.main' Jinja2==3.1.2 
2023-07-23T19:22:27.117255+00:00 DEBUG 'ansible_navigator.main' MarkupSafe==2.1.0 
2023-07-23T19:22:27.117283+00:00 DEBUG 'ansible_navigator.main' PySocks==1.7.1 
2023-07-23T19:22:27.117310+00:00 DEBUG 'ansible_navigator.main' PyYAML==5.4.1 
2023-07-23T19:22:27.117336+00:00 DEBUG 'ansible_navigator.main' ansible-builder==3.0.0 
2023-07-23T19:22:27.117362+00:00 DEBUG 'ansible_navigator.main' ansible-core==2.15.0 
2023-07-23T19:22:27.117388+00:00 DEBUG 'ansible_navigator.main' ansible-navigator==3.3.1 
2023-07-23T19:22:27.117412+00:00 DEBUG 'ansible_navigator.main' ansible-runner==2.3.2 
2023-07-23T19:22:27.117437+00:00 DEBUG 'ansible_navigator.main' attrs==21.4.0 /usr/lib/python3.9/site-packages/attrs/__init__.py
2023-07-23T19:22:27.117462+00:00 DEBUG 'ansible_navigator.main' bindep==2.10.2 /usr/lib/python3.9/site-packages/bindep/__init__.py
2023-07-23T19:22:27.117486+00:00 DEBUG 'ansible_navigator.main' cffi==1.15.0 /usr/lib64/python3.9/site-packages/cffi/__init__.py
2023-07-23T19:22:27.117511+00:00 DEBUG 'ansible_navigator.main' chardet==4.0.0 /usr/lib/python3.9/site-packages/chardet/__init__.py
2023-07-23T19:22:27.117537+00:00 DEBUG 'ansible_navigator.main' cryptography==38.0.4 /usr/lib64/python3.9/site-packages/cryptography/__init__.py
2023-07-23T19:22:27.117564+00:00 DEBUG 'ansible_navigator.main' dasbus==1.4 /usr/lib/python3.9/site-packages/dasbus/__init__.py
2023-07-23T19:22:27.117589+00:00 DEBUG 'ansible_navigator.main' dbus-python==1.2.18 
2023-07-23T19:22:27.117613+00:00 DEBUG 'ansible_navigator.main' decorator==4.4.2 /usr/lib/python3.9/site-packages/decorator.py
2023-07-23T19:22:27.117637+00:00 DEBUG 'ansible_navigator.main' distro==1.5.0 /usr/lib/python3.9/site-packages/distro.py
2023-07-23T19:22:27.117661+00:00 DEBUG 'ansible_navigator.main' docutils==0.16 /usr/lib/python3.9/site-packages/docutils/__init__.py
2023-07-23T19:22:27.117686+00:00 DEBUG 'ansible_navigator.main' ethtool==0.15 /usr/lib64/python3.9/site-packages/ethtool.cpython-39-x86_64-linux-gnu.so
2023-07-23T19:22:27.117710+00:00 DEBUG 'ansible_navigator.main' file-magic==0.4.0 
2023-07-23T19:22:27.117735+00:00 DEBUG 'ansible_navigator.main' idna==2.10 /usr/lib/python3.9/site-packages/idna/__init__.py
2023-07-23T19:22:27.117759+00:00 DEBUG 'ansible_navigator.main' importlib-metadata==4.10.1 
2023-07-23T19:22:27.117783+00:00 DEBUG 'ansible_navigator.main' importlib-resources==5.0.7 
2023-07-23T19:22:27.117807+00:00 DEBUG 'ansible_navigator.main' iniparse==0.4 /usr/lib/python3.9/site-packages/iniparse/__init__.py
2023-07-23T19:22:27.117831+00:00 DEBUG 'ansible_navigator.main' jsonschema==4.16.0 /usr/lib/python3.9/site-packages/jsonschema/__init__.py
2023-07-23T19:22:27.117856+00:00 DEBUG 'ansible_navigator.main' lockfile==0.12.2 /usr/lib/python3.9/site-packages/lockfile/__init__.py
2023-07-23T19:22:27.117880+00:00 DEBUG 'ansible_navigator.main' lxml==4.6.5 /usr/lib64/python3.9/site-packages/lxml/__init__.py
2023-07-23T19:22:27.117904+00:00 DEBUG 'ansible_navigator.main' onigurumacffi==1.1.0 /usr/lib64/python3.9/site-packages/onigurumacffi.py
2023-07-23T19:22:27.117928+00:00 DEBUG 'ansible_navigator.main' packaging==21.3 /usr/lib/python3.9/site-packages/packaging/__init__.py
2023-07-23T19:22:27.117997+00:00 DEBUG 'ansible_navigator.main' pbr==5.8.1 /usr/lib/python3.9/site-packages/pbr/__init__.py
2023-07-23T19:22:27.118035+00:00 DEBUG 'ansible_navigator.main' perf==0.1 /usr/lib64/python3.9/site-packages/perf.cpython-39-x86_64-linux-gnu.so
2023-07-23T19:22:27.118061+00:00 DEBUG 'ansible_navigator.main' psutil==5.8.0 /usr/lib64/python3.9/site-packages/psutil/__init__.py
2023-07-23T19:22:27.118085+00:00 DEBUG 'ansible_navigator.main' pycairo==1.20.1 
2023-07-23T19:22:27.118110+00:00 DEBUG 'ansible_navigator.main' pycparser==2.21 /usr/lib/python3.9/site-packages/pycparser/__init__.py
2023-07-23T19:22:27.118142+00:00 DEBUG 'ansible_navigator.main' pyinotify==0.9.6 /usr/lib/python3.9/site-packages/pyinotify.py
2023-07-23T19:22:27.118169+00:00 DEBUG 'ansible_navigator.main' pyrsistent==0.17.3 /usr/lib64/python3.9/site-packages/pyrsistent/__init__.py
2023-07-23T19:22:27.118193+00:00 DEBUG 'ansible_navigator.main' python-daemon==2.3.0 
2023-07-23T19:22:27.118218+00:00 DEBUG 'ansible_navigator.main' python-dateutil==2.8.1 
2023-07-23T19:22:27.118243+00:00 DEBUG 'ansible_navigator.main' python-linux-procfs==0.7.0 
2023-07-23T19:22:27.118267+00:00 DEBUG 'ansible_navigator.main' pyudev==0.22.0 /usr/lib/python3.9/site-packages/pyudev/__init__.py
2023-07-23T19:22:27.118291+00:00 DEBUG 'ansible_navigator.main' requests==2.25.1 /usr/lib/python3.9/site-packages/requests/__init__.py
2023-07-23T19:22:27.118316+00:00 DEBUG 'ansible_navigator.main' requirements-parser==0.2.0 
2023-07-23T19:22:27.118340+00:00 DEBUG 'ansible_navigator.main' resolvelib==0.5.4 /usr/lib/python3.9/site-packages/resolvelib/__init__.py
2023-07-23T19:22:27.118364+00:00 DEBUG 'ansible_navigator.main' selinux==3.5 /usr/lib64/python3.9/site-packages/selinux/__init__.py
2023-07-23T19:22:27.118388+00:00 DEBUG 'ansible_navigator.main' sepolicy==3.5 /usr/lib/python3.9/site-packages/sepolicy/__init__.py
2023-07-23T19:22:27.118412+00:00 DEBUG 'ansible_navigator.main' setools==4.4.1 /usr/lib64/python3.9/site-packages/setools/__init__.py
2023-07-23T19:22:27.118437+00:00 DEBUG 'ansible_navigator.main' setroubleshoot==3.3.31 /usr/lib/python3.9/site-packages/setroubleshoot/__init__.py
2023-07-23T19:22:27.118461+00:00 DEBUG 'ansible_navigator.main' setuptools==53.0.0 /usr/lib/python3.9/site-packages/setuptools/__init__.py
2023-07-23T19:22:27.118485+00:00 DEBUG 'ansible_navigator.main' six==1.15.0 /usr/lib/python3.9/site-packages/six.py
2023-07-23T19:22:27.118509+00:00 DEBUG 'ansible_navigator.main' sos==4.5.4 /usr/lib/python3.9/site-packages/sos/__init__.py
2023-07-23T19:22:27.118534+00:00 DEBUG 'ansible_navigator.main' subscription-manager==1.29.33.1 
2023-07-23T19:22:27.118558+00:00 DEBUG 'ansible_navigator.main' typing-extensions==3.10.0.2 
2023-07-23T19:22:27.118582+00:00 DEBUG 'ansible_navigator.main' urllib3==1.26.5 /usr/lib/python3.9/site-packages/urllib3/__init__.py
2023-07-23T19:22:27.118607+00:00 DEBUG 'ansible_navigator.main' zipp==3.4.0 /usr/lib/python3.9/site-packages/zipp.py
2023-07-23T19:22:27.118632+00:00 DEBUG 'ansible_navigator.main' Default collection_doc_cache_path set to: /home/ansible/.cache/ansible-navigator/collection_doc_cache.db
2023-07-23T19:22:27.118656+00:00 DEBUG 'ansible_navigator.main' EDITOR environment variable not set
2023-07-23T19:22:27.118680+00:00 DEBUG 'ansible_navigator.main' Default editor_command set to: vi +{line_number} {filename}
2023-07-23T19:22:27.118704+00:00 DEBUG 'ansible_navigator.main' No config file set by ANSIBLE_NAVIGATOR_CONFIG
2023-07-23T19:22:27.118728+00:00 DEBUG 'ansible_navigator.main' Looking in /home/ansible
2023-07-23T19:22:27.118753+00:00 DEBUG 'ansible_navigator.main' Looking for '/home/ansible/.ansible-navigator.yml', '/home/ansible/.ansible-navigator.yaml' and '/home/ansible/.ansible-navigator.json'
2023-07-23T19:22:27.118777+00:00 DEBUG 'ansible_navigator.main' Found 0: 
2023-07-23T19:22:27.118801+00:00 DEBUG 'ansible_navigator.main' Looking in /home/ansible/rhce-sample-exams_2nd-edition/solutions
2023-07-23T19:22:27.118825+00:00 DEBUG 'ansible_navigator.main' Looking for '/home/ansible/rhce-sample-exams_2nd-edition/solutions/ansible-navigator.yml', '/home/ansible/rhce-sample-exams_2nd-edition/solutions/ansible-navigator.yaml' and '/home/ansible/rhce-sample-exams_2nd-edition/solutions/ansible-navigator.json'
2023-07-23T19:22:27.118850+00:00 DEBUG 'ansible_navigator.main' Found 0: 
2023-07-23T19:22:27.118875+00:00 DEBUG 'ansible_navigator.main' All found 0: 
2023-07-23T19:22:27.118898+00:00 DEBUG 'ansible_navigator.main' Using: None
2023-07-23T19:22:27.118923+00:00 DEBUG 'ansible_navigator.main' No valid settings file found, using all default values for settings.
2023-07-23T19:22:27.118985+00:00 DEBUG 'ansible_navigator.main' Command provided: '-pp never doc -l'
2023-07-23T19:22:27.119024+00:00 WARNING 'ansible_navigator.main' Configuration errors encountered, rolling back to previous configuration.
2023-07-23T19:22:27.119051+00:00 DEBUG 'ansible_navigator.main' Prior to rollback: ansible_runner_artifact_dir = 'Not set' (Constants/Not set)
2023-07-23T19:22:27.119076+00:00 DEBUG 'ansible_navigator.main' Prior to rollback: ansible_runner_rotate_artifacts_count = 'Not set' (Constants/Not set)
2023-07-23T19:22:27.119100+00:00 DEBUG 'ansible_navigator.main' Prior to rollback: ansible_runner_timeout = 'Not set' (Constants/Not set)
2023-07-23T19:22:27.119124+00:00 DEBUG 'ansible_navigator.main' Prior to rollback: ansible_runner_write_job_events = 'False' (bool/Defaults)
2023-07-23T19:22:27.119148+00:00 DEBUG 'ansible_navigator.main' Prior to rollback: app = 'welcome' (str/Defaults)
2023-07-23T19:22:27.119173+00:00 DEBUG 'ansible_navigator.main' Prior to rollback: cmdline = '['-pp', 'never', 'doc', '-l']' (list/Command line)
2023-07-23T19:22:27.119197+00:00 DEBUG 'ansible_navigator.main' Prior to rollback: collection_doc_cache_path = '/home/ansible/.cache/ansible-navigator/collection_doc_cache.db' (str/Defaults)
2023-07-23T19:22:27.119221+00:00 DEBUG 'ansible_navigator.main' Prior to rollback: config = 'Not set' (Constants/Not set)
2023-07-23T19:22:27.119245+00:00 DEBUG 'ansible_navigator.main' Prior to rollback: container_engine = 'auto' (str/Defaults)
2023-07-23T19:22:27.119269+00:00 DEBUG 'ansible_navigator.main' Prior to rollback: container_options = 'Not set' (Constants/Not set)
2023-07-23T19:22:27.119292+00:00 DEBUG 'ansible_navigator.main' Prior to rollback: display_color = 'True' (bool/Defaults)
2023-07-23T19:22:27.119316+00:00 DEBUG 'ansible_navigator.main' Prior to rollback: editor_command = 'vi +{line_number} {filename}' (str/Defaults)
2023-07-23T19:22:27.119340+00:00 DEBUG 'ansible_navigator.main' Prior to rollback: editor_console = 'True' (bool/Defaults)
2023-07-23T19:22:27.119364+00:00 DEBUG 'ansible_navigator.main' Prior to rollback: enable_prompts = 'False' (bool/Defaults)
2023-07-23T19:22:27.119388+00:00 DEBUG 'ansible_navigator.main' Prior to rollback: exec_command = '/bin/bash' (str/Defaults)
2023-07-23T19:22:27.119411+00:00 DEBUG 'ansible_navigator.main' Prior to rollback: exec_shell = 'True' (bool/Defaults)
2023-07-23T19:22:27.119436+00:00 DEBUG 'ansible_navigator.main' Prior to rollback: execution_environment = 'True' (bool/Defaults)
2023-07-23T19:22:27.119460+00:00 DEBUG 'ansible_navigator.main' Prior to rollback: execution_environment_image = 'registry.redhat.io/ansible-automation-platform-24/ee-supported-rhel8:latest' (str/Defaults)
2023-07-23T19:22:27.119484+00:00 DEBUG 'ansible_navigator.main' Prior to rollback: execution_environment_volume_mounts = 'Not set' (Constants/Not set)
2023-07-23T19:22:27.119508+00:00 DEBUG 'ansible_navigator.main' Prior to rollback: format = 'yaml' (str/Defaults)
2023-07-23T19:22:27.119533+00:00 DEBUG 'ansible_navigator.main' Prior to rollback: help_builder = 'False' (bool/Defaults)
2023-07-23T19:22:27.119557+00:00 DEBUG 'ansible_navigator.main' Prior to rollback: help_config = 'False' (bool/Defaults)
2023-07-23T19:22:27.119581+00:00 DEBUG 'ansible_navigator.main' Prior to rollback: help_doc = 'False' (bool/Defaults)
2023-07-23T19:22:27.119604+00:00 DEBUG 'ansible_navigator.main' Prior to rollback: help_inventory = 'False' (bool/Defaults)
2023-07-23T19:22:27.119628+00:00 DEBUG 'ansible_navigator.main' Prior to rollback: help_playbook = 'False' (bool/Defaults)
2023-07-23T19:22:27.119652+00:00 DEBUG 'ansible_navigator.main' Prior to rollback: images_details = '['everything']' (list/Defaults)
2023-07-23T19:22:27.119676+00:00 DEBUG 'ansible_navigator.main' Prior to rollback: inventory = 'Not set' (Constants/Not set)
2023-07-23T19:22:27.119700+00:00 DEBUG 'ansible_navigator.main' Prior to rollback: inventory_column = 'Not set' (Constants/Not set)
2023-07-23T19:22:27.119724+00:00 DEBUG 'ansible_navigator.main' Prior to rollback: lint_config = 'Not set' (Constants/Not set)
2023-07-23T19:22:27.119754+00:00 DEBUG 'ansible_navigator.main' Prior to rollback: lintables = 'Not set' (Constants/Not set)
2023-07-23T19:22:27.119780+00:00 DEBUG 'ansible_navigator.main' Prior to rollback: log_append = 'True' (bool/Defaults)
2023-07-23T19:22:27.119804+00:00 DEBUG 'ansible_navigator.main' Prior to rollback: log_file = '/home/ansible/rhce-sample-exams_2nd-edition/solutions/ansible-navigator.log' (str/Defaults)
2023-07-23T19:22:27.119829+00:00 DEBUG 'ansible_navigator.main' Prior to rollback: log_level = 'warning' (str/Defaults)
2023-07-23T19:22:27.119853+00:00 DEBUG 'ansible_navigator.main' Prior to rollback: mode = 'interactive' (str/Defaults)
2023-07-23T19:22:27.119877+00:00 DEBUG 'ansible_navigator.main' Prior to rollback: osc4 = 'True' (bool/Defaults)
2023-07-23T19:22:27.119901+00:00 DEBUG 'ansible_navigator.main' Prior to rollback: pass_environment_variable = 'Not set' (Constants/Not set)
2023-07-23T19:22:27.119925+00:00 DEBUG 'ansible_navigator.main' Prior to rollback: playbook = 'Not set' (Constants/Not set)
2023-07-23T19:22:27.119982+00:00 DEBUG 'ansible_navigator.main' Prior to rollback: playbook_artifact_enable = 'True' (bool/Defaults)
2023-07-23T19:22:27.120015+00:00 DEBUG 'ansible_navigator.main' Prior to rollback: playbook_artifact_replay = 'Not set' (Constants/Not set)
2023-07-23T19:22:27.120040+00:00 DEBUG 'ansible_navigator.main' Prior to rollback: playbook_artifact_save_as = '{playbook_dir}/{playbook_name}-artifact-{time_stamp}.json' (str/Defaults)
2023-07-23T19:22:27.120064+00:00 DEBUG 'ansible_navigator.main' Prior to rollback: plugin_name = 'Not set' (Constants/Not set)
2023-07-23T19:22:27.120088+00:00 DEBUG 'ansible_navigator.main' Prior to rollback: plugin_type = 'module' (str/Defaults)
2023-07-23T19:22:27.120113+00:00 DEBUG 'ansible_navigator.main' Prior to rollback: pull_arguments = 'Not set' (Constants/Not set)
2023-07-23T19:22:27.120136+00:00 DEBUG 'ansible_navigator.main' Prior to rollback: pull_policy = 'tag' (str/Defaults)
2023-07-23T19:22:27.120160+00:00 DEBUG 'ansible_navigator.main' Prior to rollback: set_environment_variable = 'Not set' (Constants/Not set)
2023-07-23T19:22:27.120184+00:00 DEBUG 'ansible_navigator.main' Prior to rollback: settings_effective = 'False' (bool/Defaults)
2023-07-23T19:22:27.120208+00:00 DEBUG 'ansible_navigator.main' Prior to rollback: settings_sample = 'False' (bool/Defaults)
2023-07-23T19:22:27.120232+00:00 DEBUG 'ansible_navigator.main' Prior to rollback: settings_schema = 'json' (str/Defaults)
2023-07-23T19:22:27.120256+00:00 DEBUG 'ansible_navigator.main' Prior to rollback: settings_sources = 'False' (bool/Defaults)
2023-07-23T19:22:27.120280+00:00 DEBUG 'ansible_navigator.main' Prior to rollback: time_zone = 'UTC' (str/Defaults)
2023-07-23T19:22:27.120304+00:00 DEBUG 'ansible_navigator.main' Prior to rollback: workdir = '/home/ansible/rhce-sample-exams_2nd-edition/solutions' (str/Defaults)
2023-07-23T19:22:27.120328+00:00 DEBUG 'ansible_navigator.main' After rollback: ansible_runner_artifact_dir = 'Not set' (Constants/Not set)
2023-07-23T19:22:27.120352+00:00 DEBUG 'ansible_navigator.main' After rollback: ansible_runner_rotate_artifacts_count = 'Not set' (Constants/Not set)
2023-07-23T19:22:27.120376+00:00 DEBUG 'ansible_navigator.main' After rollback: ansible_runner_timeout = 'Not set' (Constants/Not set)
2023-07-23T19:22:27.120400+00:00 DEBUG 'ansible_navigator.main' After rollback: ansible_runner_write_job_events = 'Not set' (Constants/Not set)
2023-07-23T19:22:27.120424+00:00 DEBUG 'ansible_navigator.main' After rollback: app = 'Not set' (Constants/Not set)
2023-07-23T19:22:27.120448+00:00 DEBUG 'ansible_navigator.main' After rollback: cmdline = 'Not set' (Constants/Not set)
2023-07-23T19:22:27.120472+00:00 DEBUG 'ansible_navigator.main' After rollback: collection_doc_cache_path = 'Not set' (Constants/Not set)
2023-07-23T19:22:27.120496+00:00 DEBUG 'ansible_navigator.main' After rollback: config = 'Not set' (Constants/Not set)
2023-07-23T19:22:27.120520+00:00 DEBUG 'ansible_navigator.main' After rollback: container_engine = 'Not set' (Constants/Not set)
2023-07-23T19:22:27.120549+00:00 DEBUG 'ansible_navigator.main' After rollback: container_options = 'Not set' (Constants/Not set)
2023-07-23T19:22:27.120574+00:00 DEBUG 'ansible_navigator.main' After rollback: display_color = 'Not set' (Constants/Not set)
2023-07-23T19:22:27.120601+00:00 DEBUG 'ansible_navigator.main' After rollback: editor_command = 'Not set' (Constants/Not set)
2023-07-23T19:22:27.120624+00:00 DEBUG 'ansible_navigator.main' After rollback: editor_console = 'Not set' (Constants/Not set)
2023-07-23T19:22:27.120648+00:00 DEBUG 'ansible_navigator.main' After rollback: enable_prompts = 'Not set' (Constants/Not set)
2023-07-23T19:22:27.120672+00:00 DEBUG 'ansible_navigator.main' After rollback: exec_command = 'Not set' (Constants/Not set)
2023-07-23T19:22:27.120696+00:00 DEBUG 'ansible_navigator.main' After rollback: exec_shell = 'Not set' (Constants/Not set)
2023-07-23T19:22:27.120719+00:00 DEBUG 'ansible_navigator.main' After rollback: execution_environment = 'Not set' (Constants/Not set)
2023-07-23T19:22:27.120743+00:00 DEBUG 'ansible_navigator.main' After rollback: execution_environment_image = 'Not set' (Constants/Not set)
2023-07-23T19:22:27.120767+00:00 DEBUG 'ansible_navigator.main' After rollback: execution_environment_volume_mounts = 'Not set' (Constants/Not set)
2023-07-23T19:22:27.120790+00:00 DEBUG 'ansible_navigator.main' After rollback: format = 'Not set' (Constants/Not set)
2023-07-23T19:22:27.120815+00:00 DEBUG 'ansible_navigator.main' After rollback: help_builder = 'Not set' (Constants/Not set)
2023-07-23T19:22:27.120838+00:00 DEBUG 'ansible_navigator.main' After rollback: help_config = 'Not set' (Constants/Not set)
2023-07-23T19:22:27.120862+00:00 DEBUG 'ansible_navigator.main' After rollback: help_doc = 'Not set' (Constants/Not set)
2023-07-23T19:22:27.120886+00:00 DEBUG 'ansible_navigator.main' After rollback: help_inventory = 'Not set' (Constants/Not set)
2023-07-23T19:22:27.120909+00:00 DEBUG 'ansible_navigator.main' After rollback: help_playbook = 'Not set' (Constants/Not set)
2023-07-23T19:22:27.120933+00:00 DEBUG 'ansible_navigator.main' After rollback: images_details = 'Not set' (Constants/Not set)
2023-07-23T19:22:27.120992+00:00 DEBUG 'ansible_navigator.main' After rollback: inventory = 'Not set' (Constants/Not set)
2023-07-23T19:22:27.121022+00:00 DEBUG 'ansible_navigator.main' After rollback: inventory_column = 'Not set' (Constants/Not set)
2023-07-23T19:22:27.121046+00:00 DEBUG 'ansible_navigator.main' After rollback: lint_config = 'Not set' (Constants/Not set)
2023-07-23T19:22:27.121070+00:00 DEBUG 'ansible_navigator.main' After rollback: lintables = 'Not set' (Constants/Not set)
2023-07-23T19:22:27.121094+00:00 DEBUG 'ansible_navigator.main' After rollback: log_append = 'Not set' (Constants/Not set)
2023-07-23T19:22:27.121117+00:00 DEBUG 'ansible_navigator.main' After rollback: log_file = 'Not set' (Constants/Not set)
2023-07-23T19:22:27.121141+00:00 DEBUG 'ansible_navigator.main' After rollback: log_level = 'Not set' (Constants/Not set)
2023-07-23T19:22:27.121165+00:00 DEBUG 'ansible_navigator.main' After rollback: mode = 'Not set' (Constants/Not set)
2023-07-23T19:22:27.121189+00:00 DEBUG 'ansible_navigator.main' After rollback: osc4 = 'Not set' (Constants/Not set)
2023-07-23T19:22:27.121212+00:00 DEBUG 'ansible_navigator.main' After rollback: pass_environment_variable = 'Not set' (Constants/Not set)
2023-07-23T19:22:27.121235+00:00 DEBUG 'ansible_navigator.main' After rollback: playbook = 'Not set' (Constants/Not set)
2023-07-23T19:22:27.121259+00:00 DEBUG 'ansible_navigator.main' After rollback: playbook_artifact_enable = 'Not set' (Constants/Not set)
2023-07-23T19:22:27.121283+00:00 DEBUG 'ansible_navigator.main' After rollback: playbook_artifact_replay = 'Not set' (Constants/Not set)
2023-07-23T19:22:27.121307+00:00 DEBUG 'ansible_navigator.main' After rollback: playbook_artifact_save_as = 'Not set' (Constants/Not set)
2023-07-23T19:22:27.121330+00:00 DEBUG 'ansible_navigator.main' After rollback: plugin_name = 'Not set' (Constants/Not set)
2023-07-23T19:22:27.121358+00:00 DEBUG 'ansible_navigator.main' After rollback: plugin_type = 'Not set' (Constants/Not set)
2023-07-23T19:22:27.121383+00:00 DEBUG 'ansible_navigator.main' After rollback: pull_arguments = 'Not set' (Constants/Not set)
2023-07-23T19:22:27.121408+00:00 DEBUG 'ansible_navigator.main' After rollback: pull_policy = 'Not set' (Constants/Not set)
2023-07-23T19:22:27.121431+00:00 DEBUG 'ansible_navigator.main' After rollback: set_environment_variable = 'Not set' (Constants/Not set)
2023-07-23T19:22:27.121455+00:00 DEBUG 'ansible_navigator.main' After rollback: settings_effective = 'Not set' (Constants/Not set)
2023-07-23T19:22:27.121479+00:00 DEBUG 'ansible_navigator.main' After rollback: settings_sample = 'Not set' (Constants/Not set)
2023-07-23T19:22:27.121503+00:00 DEBUG 'ansible_navigator.main' After rollback: settings_schema = 'Not set' (Constants/Not set)
2023-07-23T19:22:27.121526+00:00 DEBUG 'ansible_navigator.main' After rollback: settings_sources = 'Not set' (Constants/Not set)
2023-07-23T19:22:27.121550+00:00 DEBUG 'ansible_navigator.main' After rollback: time_zone = 'Not set' (Constants/Not set)
2023-07-23T19:22:27.121573+00:00 DEBUG 'ansible_navigator.main' After rollback: workdir = 'Not set' (Constants/Not set)
2023-07-23T19:22:27.121597+00:00 DEBUG 'ansible_navigator.main' Configuration rollback complete.
2023-07-23T19:22:27.121621+00:00 DEBUG 'ansible_navigator.main' Collection doc cache not mounted
2023-07-23T19:22:27.121655+00:00 WARNING 'ansible_navigator.main' Issues were found while applying the settings.
2023-07-23T19:22:27.121683+00:00 INFO 'ansible_navigator.main' Command provided: '-pp never doc -l'
2023-07-23T19:22:27.121712+00:00 ERROR 'ansible_navigator.main' argument {subcommand} --help: invalid choice: 'never' (choose from 'builder', 'collections', 'config', 'doc', 'exec', 'images', 'inventory', 'lint', 'replay', 'run', 'settings', 'welcome')
2023-07-23T19:22:27.121740+00:00 INFO 'ansible_navigator.main' Configuration failed, using default log file location. (/home/ansible/rhce-sample-exams_2nd-edition/solutions/ansible-navigator.log) Log level set to debug
2023-07-23T19:22:27.121768+00:00 INFO 'ansible_navigator.main' Review the hints and log file to see what went wrong.
2023-07-23T19:24:53.240181+00:00 WARNING 'ansible_navigator.run' Dirty exit, killing the pid
2023-07-23T19:25:03.167693+00:00 WARNING 'ansible_navigator.run' Dirty exit, killing the pid
